<?xml version="1.0" encoding="UTF-8"?>
<!-- Generated by org.testng.reporters.JUnitReportReporter -->
<testsuite hostname="MacBook-Air-Vlada.local" name="testcases.MyTests" tests="7" failures="0" timestamp="10 Aug 2020 13:05:42 GMT" time="133.835" errors="0">
  <testcase name="checkItemsCounter" time="18.326" classname="testcases.MyTests"/>
  <testcase name="checkShowSelect" time="14.536" classname="testcases.MyTests"/>
  <testcase name="sale" time="11.556" classname="testcases.MyTests"/>
  <testcase name="priceFilter" time="17.775" classname="testcases.MyTests"/>
  <testcase name="addToWishList" time="24.895" classname="testcases.MyTests"/>
  <testcase name="sortBy" time="19.717" classname="testcases.MyTests"/>
  <testcase name="shoppingCart" time="27.030" classname="testcases.MyTests"/>
</testsuite> <!-- testcases.MyTests -->
